{"uuid":"ed72b454-2712-4aa1-b452-366dae9889a5","historyId":"99dde73b8ba65377337859f9797aae34","fullName":"tests.HeaderTest.ItBusinessEscortTest","labels":[{"name":"package","value":"tests.HeaderTest"},{"name":"testClass","value":"tests.HeaderTest"},{"name":"testMethod","value":"ItBusinessEscortTest"},{"name":"parentSuite","value":"TestSuite"},{"name":"suite","value":"Test for Safari browser"},{"name":"subSuite","value":"tests.HeaderTest"},{"name":"host","value":"MacBook-Pro-user-3.local"},{"name":"thread","value":"6850@MacBook-Pro-user-3.local.TestNG-tests-1(21)"},{"name":"framework","value":"testng"},{"name":"language","value":"java"}],"links":[],"name":"ItBusinessEscortTest","status":"broken","statusDetails":{"known":false,"muted":false,"flaky":false,"message":"java.lang.reflect.InvocationTargetException\nBuild info: version: '4.1.0', revision: '87802e897b'\nSystem info: host: 'MacBook-Pro-user-3.local', ip: 'fe80:0:0:0:48f:6359:7a1f:757c%en0', os.name: 'Mac OS X', os.arch: 'x86_64', os.version: '11.6.1', java.version: '17'\nDriver info: org.openqa.selenium.chrome.ChromeDriver\nCommand: [68a60757d7cf63810a8f683469d0554a, actions {actions=[org.openqa.selenium.interactions.Sequence@62827395]}]\nCapabilities {acceptInsecureCerts: true, browserName: chrome, browserVersion: 96.0.4664.55, chrome: {chromedriverVersion: 96.0.4664.45 (76e4c1bb2ab46..., userDataDir: /var/folders/z8/j8bc1j1534z...}, goog:chromeOptions: {debuggerAddress: localhost:51463}, javascriptEnabled: true, networkConnectionEnabled: false, pageLoadStrategy: normal, platform: MAC, platformName: MAC, proxy: Proxy(), se:cdp: ws://localhost:51463/devtoo..., se:cdpVersion: 96.0.4664.55, setWindowRect: true, strictFileInteractability: false, timeouts: {implicit: 0, pageLoad: 300000, script: 30000}, unhandledPromptBehavior: dismiss and notify, webauthn:extension:credBlob: true, webauthn:extension:largeBlob: true, webauthn:virtualAuthenticators: true}\nSession ID: 68a60757d7cf63810a8f683469d0554a","trace":"org.openqa.selenium.json.JsonException: java.lang.reflect.InvocationTargetException\nBuild info: version: '4.1.0', revision: '87802e897b'\nSystem info: host: 'MacBook-Pro-user-3.local', ip: 'fe80:0:0:0:48f:6359:7a1f:757c%en0', os.name: 'Mac OS X', os.arch: 'x86_64', os.version: '11.6.1', java.version: '17'\nDriver info: org.openqa.selenium.chrome.ChromeDriver\nCommand: [68a60757d7cf63810a8f683469d0554a, actions {actions=[org.openqa.selenium.interactions.Sequence@62827395]}]\nCapabilities {acceptInsecureCerts: true, browserName: chrome, browserVersion: 96.0.4664.55, chrome: {chromedriverVersion: 96.0.4664.45 (76e4c1bb2ab46..., userDataDir: /var/folders/z8/j8bc1j1534z...}, goog:chromeOptions: {debuggerAddress: localhost:51463}, javascriptEnabled: true, networkConnectionEnabled: false, pageLoadStrategy: normal, platform: MAC, platformName: MAC, proxy: Proxy(), se:cdp: ws://localhost:51463/devtoo..., se:cdpVersion: 96.0.4664.55, setWindowRect: true, strictFileInteractability: false, timeouts: {implicit: 0, pageLoad: 300000, script: 30000}, unhandledPromptBehavior: dismiss and notify, webauthn:extension:credBlob: true, webauthn:extension:largeBlob: true, webauthn:virtualAuthenticators: true}\nSession ID: 68a60757d7cf63810a8f683469d0554a\n\tat org.openqa.selenium.json.JsonOutput.convertUsingMethod(JsonOutput.java:362)\n\tat org.openqa.selenium.json.JsonOutput.lambda$new$16(JsonOutput.java:154)\n\tat org.openqa.selenium.json.JsonOutput.write(JsonOutput.java:287)\n\tat org.openqa.selenium.json.JsonOutput.lambda$new$22(JsonOutput.java:169)\n\tat java.base/java.util.stream.ForEachOps$ForEachOp$OfRef.accept(ForEachOps.java:183)\n\tat java.base/java.util.stream.ReferencePipeline$2$1.accept(ReferencePipeline.java:179)\n\tat java.base/java.util.Iterator.forEachRemaining(Iterator.java:133)\n\tat java.base/java.util.Spliterators$IteratorSpliterator.forEachRemaining(Spliterators.java:1845)\n\tat java.base/java.util.stream.AbstractPipeline.copyInto(AbstractPipeline.java:509)\n\tat java.base/java.util.stream.AbstractPipeline.wrapAndCopyInto(AbstractPipeline.java:499)\n\tat java.base/java.util.stream.ForEachOps$ForEachOp.evaluateSequential(ForEachOps.java:150)\n\tat java.base/java.util.stream.ForEachOps$ForEachOp$OfRef.evaluateSequential(ForEachOps.java:173)\n\tat java.base/java.util.stream.AbstractPipeline.evaluate(AbstractPipeline.java:234)\n\tat java.base/java.util.stream.ReferencePipeline.forEach(ReferencePipeline.java:596)\n\tat org.openqa.selenium.json.JsonOutput.lambda$new$23(JsonOutput.java:169)\n\tat org.openqa.selenium.json.JsonOutput.write(JsonOutput.java:287)\n\tat org.openqa.selenium.json.JsonOutput.lambda$new$24(JsonOutput.java:182)\n\tat com.google.common.collect.SingletonImmutableBiMap.forEach(SingletonImmutableBiMap.java:68)\n\tat org.openqa.selenium.json.JsonOutput.lambda$new$25(JsonOutput.java:177)\n\tat org.openqa.selenium.json.JsonOutput.write(JsonOutput.java:287)\n\tat org.openqa.selenium.json.JsonOutput.write(JsonOutput.java:278)\n\tat org.openqa.selenium.json.Json.toJson(Json.java:42)\n\tat org.openqa.selenium.remote.codec.AbstractHttpCommandCodec.encode(AbstractHttpCommandCodec.java:259)\n\tat org.openqa.selenium.remote.codec.AbstractHttpCommandCodec.encode(AbstractHttpCommandCodec.java:127)\n\tat org.openqa.selenium.remote.HttpCommandExecutor.execute(HttpCommandExecutor.java:172)\n\tat org.openqa.selenium.remote.service.DriverCommandExecutor.invokeExecute(DriverCommandExecutor.java:164)\n\tat org.openqa.selenium.remote.service.DriverCommandExecutor.execute(DriverCommandExecutor.java:139)\n\tat org.openqa.selenium.remote.RemoteWebDriver.execute(RemoteWebDriver.java:559)\n\tat org.openqa.selenium.remote.RemoteWebDriver.perform(RemoteWebDriver.java:627)\n\tat org.openqa.selenium.interactions.Actions$BuiltAction.perform(Actions.java:617)\n\tat org.openqa.selenium.interactions.Actions.perform(Actions.java:573)\n\tat pages.HeaderPage.goToItBusinessEscort(HeaderPage.java:81)\n\tat tests.HeaderTest.ItBusinessEscortTest(HeaderTest.java:49)\n\tat java.base/jdk.internal.reflect.NativeMethodAccessorImpl.invoke0(Native Method)\n\tat java.base/jdk.internal.reflect.NativeMethodAccessorImpl.invoke(NativeMethodAccessorImpl.java:77)\n\tat java.base/jdk.internal.reflect.DelegatingMethodAccessorImpl.invoke(DelegatingMethodAccessorImpl.java:43)\n\tat java.base/java.lang.reflect.Method.invoke(Method.java:568)\n\tat org.testng.internal.MethodInvocationHelper.invokeMethod(MethodInvocationHelper.java:133)\n\tat org.testng.internal.TestInvoker.invokeMethod(TestInvoker.java:598)\n\tat org.testng.internal.TestInvoker.invokeTestMethod(TestInvoker.java:173)\n\tat org.testng.internal.MethodRunner.runInSequence(MethodRunner.java:46)\n\tat org.testng.internal.TestInvoker$MethodInvocationAgent.invoke(TestInvoker.java:824)\n\tat org.testng.internal.TestInvoker.invokeTestMethods(TestInvoker.java:146)\n\tat org.testng.internal.TestMethodWorker.invokeTestMethods(TestMethodWorker.java:146)\n\tat org.testng.internal.TestMethodWorker.run(TestMethodWorker.java:128)\n\tat java.base/java.util.ArrayList.forEach(ArrayList.java:1511)\n\tat org.testng.TestRunner.privateRun(TestRunner.java:794)\n\tat org.testng.TestRunner.run(TestRunner.java:596)\n\tat org.testng.SuiteRunner.runTest(SuiteRunner.java:377)\n\tat org.testng.SuiteRunner.access$000(SuiteRunner.java:28)\n\tat org.testng.SuiteRunner$SuiteWorker.run(SuiteRunner.java:418)\n\tat org.testng.internal.thread.ThreadUtil.lambda$execute$0(ThreadUtil.java:64)\n\tat java.base/java.util.concurrent.FutureTask.run(FutureTask.java:264)\n\tat java.base/java.util.concurrent.ThreadPoolExecutor.runWorker(ThreadPoolExecutor.java:1136)\n\tat java.base/java.util.concurrent.ThreadPoolExecutor$Worker.run(ThreadPoolExecutor.java:635)\n\tat java.base/java.lang.Thread.run(Thread.java:833)\n\tSuppressed: org.openqa.selenium.json.JsonException: Attempting to close incomplete json stream\nBuild info: version: '4.1.0', revision: '87802e897b'\nSystem info: host: 'MacBook-Pro-user-3.local', ip: 'fe80:0:0:0:48f:6359:7a1f:757c%en0', os.name: 'Mac OS X', os.arch: 'x86_64', os.version: '11.6.1', java.version: '17'\nDriver info: driver.version: RemoteWebDriver\n\t\tat org.openqa.selenium.json.JsonOutput.close(JsonOutput.java:303)\n\t\tat org.openqa.selenium.json.Json.toJson(Json.java:40)\n\t\t... 34 more\nCaused by: java.lang.reflect.InvocationTargetException\n\tat java.base/jdk.internal.reflect.NativeMethodAccessorImpl.invoke0(Native Method)\n\tat java.base/jdk.internal.reflect.NativeMethodAccessorImpl.invoke(NativeMethodAccessorImpl.java:77)\n\tat java.base/jdk.internal.reflect.DelegatingMethodAccessorImpl.invoke(DelegatingMethodAccessorImpl.java:43)\n\tat java.base/java.lang.reflect.Method.invoke(Method.java:568)\n\tat org.openqa.selenium.json.JsonOutput.convertUsingMethod(JsonOutput.java:358)\n\t... 55 more\nCaused by: Element not found {a[href='#submenu:more2']}\nExpected: exist\nScreenshot: file:/Users/user/TestProjectReports/build/reports/tests/1638973746961.8.png\nPage source: file:/Users/user/TestProjectReports/build/reports/tests/1638973746961.8.html\nTimeout: 4 s.\nCaused by: NoSuchElementException: no such element: Unable to locate element: {\"method\":\"css selector\",\"selector\":\"a[href='#submenu:more2']\"}\n\tat com.codeborne.selenide.impl.WebElementSource.createElementNotFoundError(WebElementSource.java:85)\n\tat com.codeborne.selenide.impl.ElementFinder.createElementNotFoundError(ElementFinder.java:122)\n\tat com.codeborne.selenide.impl.ExceptionWrapper.wrap(ExceptionWrapper.java:32)\n\tat com.codeborne.selenide.impl.SelenideElementProxy.dispatchAndRetry(SelenideElementProxy.java:153)\n\tat com.codeborne.selenide.impl.SelenideElementProxy.invoke(SelenideElementProxy.java:83)\n\tat jdk.proxy2/jdk.proxy2.$Proxy20.getWrappedElement(Unknown Source)\n\tat org.openqa.selenium.interactions.PointerInput$Origin.asArg(PointerInput.java:201)\n\tat org.openqa.selenium.interactions.PointerInput$Move.encode(PointerInput.java:152)\n\tat org.openqa.selenium.interactions.Sequence.encode(Sequence.java:73)\n\tat org.openqa.selenium.interactions.Sequence.toJson(Sequence.java:82)\n\t... 60 more\nCaused by: org.openqa.selenium.NoSuchElementException: no such element: Unable to locate element: {\"method\":\"css selector\",\"selector\":\"a[href='#submenu:more2']\"}\n  (Session info: chrome=96.0.4664.55)\nFor documentation on this error, please visit: https://selenium.dev/exceptions/#no_such_element\nBuild info: version: '4.1.0', revision: '87802e897b'\nSystem info: host: 'MacBook-Pro-user-3.local', ip: 'fe80:0:0:0:48f:6359:7a1f:757c%en0', os.name: 'Mac OS X', os.arch: 'x86_64', os.version: '11.6.1', java.version: '17'\nDriver info: org.openqa.selenium.chrome.ChromeDriver\nCommand: [68a60757d7cf63810a8f683469d0554a, findElement {using=css selector, value=a[href='#submenu:more2']}]\nCapabilities {acceptInsecureCerts: true, browserName: chrome, browserVersion: 96.0.4664.55, chrome: {chromedriverVersion: 96.0.4664.45 (76e4c1bb2ab46..., userDataDir: /var/folders/z8/j8bc1j1534z...}, goog:chromeOptions: {debuggerAddress: localhost:51463}, javascriptEnabled: true, networkConnectionEnabled: false, pageLoadStrategy: normal, platform: MAC, platformName: MAC, proxy: Proxy(), se:cdp: ws://localhost:51463/devtoo..., se:cdpVersion: 96.0.4664.55, setWindowRect: true, strictFileInteractability: false, timeouts: {implicit: 0, pageLoad: 300000, script: 30000}, unhandledPromptBehavior: dismiss and notify, webauthn:extension:credBlob: true, webauthn:extension:largeBlob: true, webauthn:virtualAuthenticators: true}\nSession ID: 68a60757d7cf63810a8f683469d0554a\n\tat jdk.internal.reflect.GeneratedConstructorAccessor12.newInstance(Unknown Source)\n\tat java.base/jdk.internal.reflect.DelegatingConstructorAccessorImpl.newInstance(DelegatingConstructorAccessorImpl.java:45)\n\tat java.base/java.lang.reflect.Constructor.newInstanceWithCaller(Constructor.java:499)\n\tat java.base/java.lang.reflect.Constructor.newInstance(Constructor.java:480)\n\tat org.openqa.selenium.remote.codec.w3c.W3CHttpResponseCodec.createException(W3CHttpResponseCodec.java:200)\n\tat org.openqa.selenium.remote.codec.w3c.W3CHttpResponseCodec.decode(W3CHttpResponseCodec.java:133)\n\tat org.openqa.selenium.remote.codec.w3c.W3CHttpResponseCodec.decode(W3CHttpResponseCodec.java:53)\n\tat org.openqa.selenium.remote.HttpCommandExecutor.execute(HttpCommandExecutor.java:184)\n\tat org.openqa.selenium.remote.service.DriverCommandExecutor.invokeExecute(DriverCommandExecutor.java:164)\n\tat org.openqa.selenium.remote.service.DriverCommandExecutor.execute(DriverCommandExecutor.java:139)\n\tat org.openqa.selenium.remote.RemoteWebDriver.execute(RemoteWebDriver.java:559)\n\tat org.openqa.selenium.remote.ElementLocation$ElementFinder$2.findElement(ElementLocation.java:162)\n\tat org.openqa.selenium.remote.ElementLocation.findElement(ElementLocation.java:60)\n\tat org.openqa.selenium.remote.RemoteWebDriver.findElement(RemoteWebDriver.java:383)\n\tat org.openqa.selenium.remote.RemoteWebDriver.findElement(RemoteWebDriver.java:375)\n\tat com.codeborne.selenide.impl.WebElementSelector.findElement(WebElementSelector.java:70)\n\tat com.codeborne.selenide.impl.WebElementSelector.findElement(WebElementSelector.java:44)\n\tat com.codeborne.selenide.impl.WebElementSelector.findElement(WebElementSelector.java:33)\n\tat com.codeborne.selenide.impl.ElementFinder.getWebElement(ElementFinder.java:102)\n\tat com.codeborne.selenide.commands.GetWrappedElement.execute(GetWrappedElement.java:19)\n\tat com.codeborne.selenide.commands.GetWrappedElement.execute(GetWrappedElement.java:13)\n\tat com.codeborne.selenide.commands.Commands.execute(Commands.java:154)\n\tat com.codeborne.selenide.impl.SelenideElementProxy.dispatchAndRetry(SelenideElementProxy.java:131)\n\t... 66 more\n"},"stage":"finished","steps":[],"attachments":[{"name":"Screenshot","source":"15cd7da9-e9dc-4bf1-ab40-a3ada6cd779f-attachment","type":"image/png"}],"parameters":[{"name":"browser","value":"safari"}],"start":1638973742907,"stop":1638973747566}